<?xml version="1.0" encoding="UTF-8"?>
<!-- Generated by org.testng.reporters.JUnitReportReporter -->
<testsuite hostname="Vallabh" failures="0" tests="1" name="com.vallabh.TestNGdemo" time="9.593" errors="0" timestamp="23 Feb 2022 13:33:22 GMT" skipped="0">
  <testcase classname="com.vallabh.TestNGdemo" name="login" time="9.593"/>
</testsuite> <!-- com.vallabh.TestNGdemo -->
