<?xml version="1.0" encoding="UTF-8"?>
<!-- Generated by org.testng.reporters.JUnitReportReporter -->
<testsuite hostname="Vallabh" failures="0" tests="1" name="com.vallabh.NewTest" time="0.013" errors="0" timestamp="15 Feb 2022 16:32:14 GMT" skipped="0">
  <testcase classname="com.vallabh.NewTest" name="f" time="0.013"/>
</testsuite> <!-- com.vallabh.NewTest -->
