<?xml version="1.0" encoding="UTF-8"?>
<!-- Generated by org.testng.reporters.JUnitReportReporter -->
<testsuite hostname="Vallabh" failures="0" tests="2" name="com.vallabh.TestClassusingTestNG" time="0.006" errors="0" timestamp="23 Feb 2022 03:46:27 GMT" skipped="0">
  <testcase classname="com.vallabh.TestClassusingTestNG" name="test2" time="0.002"/>
  <testcase classname="com.vallabh.TestClassusingTestNG" name="test1" time="0.004"/>
</testsuite> <!-- com.vallabh.TestClassusingTestNG -->
