<?xml version="1.0" encoding="UTF-8"?>
<!-- Generated by org.testng.reporters.JUnitReportReporter -->
<testsuite hostname="Vallabh" failures="0" tests="1" name="com.vallabh.SbiFunctionsTest" time="4.768" errors="0" timestamp="26 Feb 2022 15:02:48 GMT" skipped="0">
  <testcase classname="com.vallabh.SbiFunctionsTest" name="test1" time="4.768"/>
</testsuite> <!-- com.vallabh.SbiFunctionsTest -->
