<?xml version="1.0" encoding="UTF-8"?>
<!-- Generated by org.testng.reporters.JUnitReportReporter -->
<testsuite hostname="Vallabh" failures="0" tests="1" name="com.vallabh.GrowwFunctionsTest" time="40.856" errors="0" timestamp="24 Feb 2022 14:31:12 GMT" skipped="0">
  <testcase classname="com.vallabh.GrowwFunctionsTest" name="growwtestfunctions" time="40.856"/>
</testsuite> <!-- com.vallabh.GrowwFunctionsTest -->
