<?xml version="1.0" encoding="UTF-8"?>
<!-- Generated by org.testng.reporters.JUnitReportReporter -->
<testsuite hostname="Vallabh" failures="0" tests="1" name="com.vallabh.GrowwmfTest" time="48.411" errors="0" timestamp="06 Mar 2022 16:45:45 GMT" skipped="0">
  <testcase classname="com.vallabh.GrowwmfTest" name="mutualFundsTest" time="48.411"/>
</testsuite> <!-- com.vallabh.GrowwmfTest -->
