<?xml version="1.0" encoding="UTF-8"?>
<!-- Generated by org.testng.reporters.JUnitReportReporter -->
<testsuite hostname="Vallabh" failures="0" tests="1" name="com.vallabh.AmzonLoginTest" time="2.276" errors="0" timestamp="08 Mar 2022 09:25:27 GMT" skipped="0">
  <testcase classname="com.vallabh.AmzonLoginTest" name="logintoApp" time="2.276"/>
</testsuite> <!-- com.vallabh.AmzonLoginTest -->
