<?xml version="1.0" encoding="UTF-8"?>
<!-- Generated by org.testng.reporters.JUnitReportReporter -->
<testsuite hostname="Vallabh" failures="0" tests="1" name="com.vallabh.AmazonheaderTest" time="6.249" errors="0" timestamp="23 Feb 2022 04:25:26 GMT" skipped="0">
  <testcase classname="com.vallabh.AmazonheaderTest" name="headertest" time="6.249"/>
</testsuite> <!-- com.vallabh.AmazonheaderTest -->
