<?xml version="1.0" encoding="UTF-8"?>
<!-- Generated by org.testng.reporters.JUnitReportReporter -->
<testsuite hostname="Vallabh" failures="0" tests="1" name="com.vallabh.AmazonUsingTestNG" time="10.324" errors="0" timestamp="09 Mar 2022 18:48:37 GMT" skipped="0">
  <testcase classname="com.vallabh.AmazonUsingTestNG" name="amazontest" time="10.324"/>
</testsuite> <!-- com.vallabh.AmazonUsingTestNG -->
